2024-03-12 10:45:09,605-func_cpp-55-INFO - Get function 0: line:29, name:ok, parameters:int x, int y, return_type:bool
2024-03-12 10:45:09,605-func_cpp-55-INFO - Get function 1: line:33, name:print, parameters:vector<vector<int>>& g, return_type:void
2024-03-12 10:45:09,605-func_cpp-55-INFO - Get function 2: line:48, name:cntNext, parameters:vector<vector<int>>& g, int x, int y, return_type:int
2024-03-12 10:45:09,605-func_cpp-55-INFO - Get function 3: line:61, name:getDis, parameters:int x, int y, return_type:int
2024-03-12 10:45:09,605-func_cpp-55-INFO - Get function 4: line:66, name:backtrack, parameters:vector<vector<int>>& g, int x, int y, int step, return_type:void
2024-03-12 10:45:09,605-func_cpp-55-INFO - Get function 5: line:96, name:main, parameters:, return_type:int
2024-03-12 10:45:09,606-func_cpp-82-INFO - Find a function call: line: 53, relation: cntNext -> ok
2024-03-12 10:45:09,606-func_cpp-82-INFO - Find a function call: line: 69, relation: backtrack -> print
2024-03-12 10:45:09,606-func_cpp-82-INFO - Find a function call: line: 78, relation: backtrack -> ok
2024-03-12 10:45:09,606-func_cpp-82-INFO - Find a function call: line: 80, relation: backtrack -> cntNext
2024-03-12 10:45:09,606-func_cpp-82-INFO - Find a function call: line: 81, relation: backtrack -> getDis
2024-03-12 10:45:09,608-func_cpp-82-INFO - Find a function call: line: 90, relation: backtrack -> backtrack
2024-03-12 10:45:09,608-func_cpp-82-INFO - Find a function call: line: 101, relation: main -> backtrack
2024-03-12 10:45:09,608-func_cpp-82-INFO - Find a function call: line: 114, relation: main -> print
2024-03-12 10:55:22,281-func_cpp-61-INFO - Get function 0: line:29, name:ok, parameters:int x, int y, return_type:bool
2024-03-12 10:55:22,281-func_cpp-61-INFO - Get function 1: line:33, name:print, parameters:vector<vector<int>>& g, return_type:void
2024-03-12 10:55:22,281-func_cpp-61-INFO - Get function 2: line:48, name:cntNext, parameters:vector<vector<int>>& g, int x, int y, return_type:int
2024-03-12 10:55:22,281-func_cpp-61-INFO - Get function 3: line:61, name:getDis, parameters:int x, int y, return_type:int
2024-03-12 10:55:22,281-func_cpp-61-INFO - Get function 4: line:66, name:backtrack, parameters:vector<vector<int>>& g, int x, int y, int step, return_type:void
2024-03-12 10:55:22,281-func_cpp-61-INFO - Get function 5: line:96, name:main, parameters:, return_type:int
2024-03-12 10:55:22,281-func_cpp-88-INFO - Find a function call: line: 53, relation: cntNext -> ok
2024-03-12 10:55:22,281-func_cpp-88-INFO - Find a function call: line: 69, relation: backtrack -> print
2024-03-12 10:55:22,281-func_cpp-88-INFO - Find a function call: line: 78, relation: backtrack -> ok
2024-03-12 10:55:22,281-func_cpp-88-INFO - Find a function call: line: 80, relation: backtrack -> cntNext
2024-03-12 10:55:22,281-func_cpp-88-INFO - Find a function call: line: 81, relation: backtrack -> getDis
2024-03-12 10:55:22,281-func_cpp-88-INFO - Find a function call: line: 90, relation: backtrack -> backtrack
2024-03-12 10:55:22,281-func_cpp-88-INFO - Find a function call: line: 101, relation: main -> backtrack
2024-03-12 10:55:22,281-func_cpp-88-INFO - Find a function call: line: 114, relation: main -> print
2024-03-12 11:05:12,354-func_cpp-57-INFO - Get function 0: line:21, name:operator(), parameters:Node& a, Node& b, return_type:bool
2024-03-12 11:05:12,354-func_cpp-57-INFO - Get function 1: line:29, name:ok, parameters:int x, int y, return_type:bool
2024-03-12 11:05:12,354-func_cpp-57-INFO - Get function 2: line:33, name:print, parameters:vector<vector<int>>& g, return_type:void
2024-03-12 11:05:12,354-func_cpp-57-INFO - Get function 3: line:48, name:cntNext, parameters:vector<vector<int>>& g, int x, int y, return_type:int
2024-03-12 11:05:12,354-func_cpp-57-INFO - Get function 4: line:61, name:getDis, parameters:int x, int y, return_type:int
2024-03-12 11:05:12,354-func_cpp-57-INFO - Get function 5: line:66, name:backtrack, parameters:vector<vector<int>>& g, int x, int y, int step, return_type:void
2024-03-12 11:05:12,354-func_cpp-57-INFO - Get function 6: line:96, name:main, parameters:, return_type:int
2024-03-12 11:05:12,354-func_cpp-84-INFO - Find a function call: line: 53, relation: cntNext -> ok
2024-03-12 11:05:12,354-func_cpp-84-INFO - Find a function call: line: 69, relation: backtrack -> print
2024-03-12 11:05:12,354-func_cpp-84-INFO - Find a function call: line: 78, relation: backtrack -> ok
2024-03-12 11:05:12,354-func_cpp-84-INFO - Find a function call: line: 80, relation: backtrack -> cntNext
2024-03-12 11:05:12,354-func_cpp-84-INFO - Find a function call: line: 81, relation: backtrack -> getDis
2024-03-12 11:05:12,354-func_cpp-84-INFO - Find a function call: line: 90, relation: backtrack -> backtrack
2024-03-12 11:05:12,354-func_cpp-84-INFO - Find a function call: line: 101, relation: main -> backtrack
2024-03-12 11:05:12,358-func_cpp-84-INFO - Find a function call: line: 114, relation: main -> print
