2024-03-08 15:56:17,519-func_golang-46-INFO - Get function 0: line:39, name:pringG, parameters:, return_type:
2024-03-08 15:56:17,519-func_golang-46-INFO - Get function 1: line:48, name:ok, parameters:x, y int, return_type:bool
2024-03-08 15:56:17,519-func_golang-46-INFO - Get function 2: line:52, name:cntNext, parameters:x, y int, return_type:cnt int
2024-03-08 15:56:17,519-func_golang-46-INFO - Get function 3: line:62, name:getDis, parameters:x, y int, return_type:int
2024-03-08 15:56:17,519-func_golang-46-INFO - Get function 4: line:66, name:backtrack, parameters:x, y int, step int, return_type:
2024-03-08 15:56:17,519-func_golang-46-INFO - Get function 5: line:97, name:main, parameters:, return_type:
2024-03-08 15:56:17,519-func_golang-46-INFO - Get function 6: line:122, name:abs, parameters:x int, return_type:int
2024-03-12 10:46:27,516-func_golang-46-INFO - Get function 0: line:39, name:pringG, parameters:, return_type:
2024-03-12 10:46:27,516-func_golang-46-INFO - Get function 1: line:48, name:ok, parameters:x, y int, return_type:bool
2024-03-12 10:46:27,516-func_golang-46-INFO - Get function 2: line:52, name:cntNext, parameters:x, y int, return_type:cnt int
2024-03-12 10:46:27,516-func_golang-46-INFO - Get function 3: line:62, name:getDis, parameters:x, y int, return_type:int
2024-03-12 10:46:27,516-func_golang-46-INFO - Get function 4: line:66, name:backtrack, parameters:x, y int, step int, return_type:
2024-03-12 10:46:27,516-func_golang-46-INFO - Get function 5: line:97, name:main, parameters:, return_type:
2024-03-12 10:46:27,516-func_golang-46-INFO - Get function 6: line:122, name:abs, parameters:x int, return_type:int
2024-03-12 10:46:27,517-func_golang-75-INFO - Find a function call: line: 55, relation: cntNext -> ok
2024-03-12 10:46:27,517-func_golang-75-INFO - Find a function call: line: 63, relation: getDis -> abs
2024-03-12 10:46:27,517-func_golang-75-INFO - Find a function call: line: 68, relation: backtrack -> abs
2024-03-12 10:46:27,517-func_golang-75-INFO - Find a function call: line: 76, relation: backtrack -> ok
2024-03-12 10:46:27,517-func_golang-75-INFO - Find a function call: line: 80, relation: backtrack -> cntNext
2024-03-12 10:46:27,517-func_golang-75-INFO - Find a function call: line: 81, relation: backtrack -> getDis
2024-03-12 10:46:27,517-func_golang-75-INFO - Find a function call: line: 89, relation: backtrack -> backtrack
2024-03-12 10:46:27,517-func_golang-75-INFO - Find a function call: line: 106, relation: main -> backtrack
2024-03-12 10:46:27,517-func_golang-75-INFO - Find a function call: line: 118, relation: main -> pringG
